{"level":"info","message":"Server running on port 5000","timestamp":"2025-01-27T20:16:45.904Z"}
{"level":"info","message":"MongoDB connected successfully","timestamp":"2025-01-27T20:16:47.255Z"}
{"level":"info","message":"Server running on port 5000","timestamp":"2025-01-27T20:40:33.569Z"}
{"level":"info","message":"MongoDB connected successfully","timestamp":"2025-01-27T20:40:34.535Z"}
{"level":"info","message":"Server running on port 5000","timestamp":"2025-01-27T20:40:53.124Z"}
{"level":"info","message":"MongoDB connected successfully","timestamp":"2025-01-27T20:40:54.362Z"}
{"level":"info","message":"Server running on port 5000","timestamp":"2025-01-27T20:47:38.260Z"}
{"level":"info","message":"MongoDB connected successfully","timestamp":"2025-01-27T20:47:39.283Z"}
{"level":"info","message":"Server running on port 5000","timestamp":"2025-01-27T21:12:47.127Z"}
{"level":"info","message":"MongoDB connected successfully","timestamp":"2025-01-27T21:12:48.087Z"}
{"level":"info","message":"Server running on port 5000","timestamp":"2025-01-29T05:41:15.555Z"}
{"level":"info","message":"MongoDB connected successfully","timestamp":"2025-01-29T05:41:16.471Z"}
{"level":"error","message":"Unhandled Error: Product validation failed: imageUrl: Path `imageUrl` is required.","timestamp":"2025-01-29T06:48:54.165Z"}
{"level":"info","message":"Server running on port 5000","timestamp":"2025-01-29T06:51:49.348Z"}
{"level":"info","message":"MongoDB connected successfully","timestamp":"2025-01-29T06:51:50.319Z"}
{"level":"info","message":"Server running on port 5000","timestamp":"2025-02-05T01:46:49.653Z"}
{"level":"info","message":"MongoDB connected successfully","timestamp":"2025-02-05T01:46:50.656Z"}
{"level":"info","message":"Server running on port 5000","timestamp":"2025-02-05T02:31:20.355Z"}
{"level":"info","message":"MongoDB connected successfully","timestamp":"2025-02-05T02:31:21.328Z"}
{"level":"info","message":"Server running on port 5000","timestamp":"2025-02-05T05:11:15.951Z"}
{"level":"info","message":"MongoDB connected successfully","timestamp":"2025-02-05T05:11:16.983Z"}
{"level":"info","message":"Server running on port 5000","timestamp":"2025-02-11T05:21:31.517Z"}
{"level":"info","message":"MongoDB connected successfully","timestamp":"2025-02-11T05:21:32.834Z"}
{"level":"info","message":"Server running on port 5000","timestamp":"2025-02-11T06:12:09.492Z"}
{"level":"info","message":"MongoDB connected successfully","timestamp":"2025-02-11T06:12:10.511Z"}
{"level":"info","message":"Server running on port 5000","timestamp":"2025-02-11T06:52:24.192Z"}
{"level":"info","message":"MongoDB connected successfully","timestamp":"2025-02-11T06:52:25.162Z"}
{"level":"info","message":"Server running on port 5000","timestamp":"2025-02-11T06:56:46.832Z"}
{"level":"info","message":"MongoDB connected successfully","timestamp":"2025-02-11T06:56:47.827Z"}
{"level":"info","message":"Server running on port 5000","timestamp":"2025-02-11T19:09:27.720Z"}
{"level":"info","message":"MongoDB connected successfully","timestamp":"2025-02-11T19:09:28.672Z"}
{"level":"info","message":"Server running on port 5000","timestamp":"2025-02-11T20:26:37.284Z"}
{"level":"info","message":"MongoDB connected successfully","timestamp":"2025-02-11T20:26:38.666Z"}
{"level":"info","message":"Server running on port 5000","timestamp":"2025-02-12T18:13:03.565Z"}
{"level":"info","message":"MongoDB connected successfully","timestamp":"2025-02-12T18:13:04.524Z"}
{"level":"info","message":"Server running on port 5000","timestamp":"2025-02-13T18:35:49.947Z"}
{"level":"info","message":"MongoDB connected successfully","timestamp":"2025-02-13T18:35:51.488Z"}
{"level":"info","message":"Server running on port 5000","timestamp":"2025-02-13T20:20:48.820Z"}
{"level":"info","message":"MongoDB connected successfully","timestamp":"2025-02-13T20:20:49.734Z"}
{"level":"info","message":"Server running on port 5000","timestamp":"2025-02-13T20:24:45.820Z"}
{"level":"info","message":"MongoDB connected successfully","timestamp":"2025-02-13T20:24:46.720Z"}
{"level":"info","message":"Server running on port 5000","timestamp":"2025-02-13T20:56:43.700Z"}
{"level":"info","message":"MongoDB connected successfully","timestamp":"2025-02-13T20:56:44.598Z"}
{"level":"info","message":"Server running on port 5000","timestamp":"2025-02-13T21:08:05.219Z"}
{"level":"info","message":"MongoDB connected successfully","timestamp":"2025-02-13T21:08:06.143Z"}
{"level":"info","message":"Server running on port 5000","timestamp":"2025-02-13T21:11:42.159Z"}
{"level":"info","message":"MongoDB connected successfully","timestamp":"2025-02-13T21:11:43.076Z"}
{"level":"info","message":"Server running on port 5000","timestamp":"2025-02-14T00:45:41.876Z"}
{"level":"info","message":"MongoDB connected successfully","timestamp":"2025-02-14T00:45:43.278Z"}
{"level":"info","message":"Server running on port 5000","timestamp":"2025-02-14T00:51:14.483Z"}
{"level":"info","message":"MongoDB connected successfully","timestamp":"2025-02-14T00:51:15.386Z"}
{"level":"info","message":"Server running on port 5000","timestamp":"2025-02-14T01:59:55.078Z"}
{"level":"info","message":"MongoDB connected successfully","timestamp":"2025-02-14T01:59:56.028Z"}
{"level":"info","message":"Server running on port 5000","timestamp":"2025-02-14T02:04:30.562Z"}
{"level":"info","message":"MongoDB connected successfully","timestamp":"2025-02-14T02:04:31.471Z"}
{"level":"info","message":"Server running on port 5000","timestamp":"2025-02-17T17:51:22.874Z"}
{"level":"info","message":"MongoDB connected successfully","timestamp":"2025-02-17T17:51:23.799Z"}
{"level":"info","message":"Server running on port 5000","timestamp":"2025-02-17T18:45:59.334Z"}
{"level":"info","message":"MongoDB connected successfully","timestamp":"2025-02-17T18:46:00.267Z"}
{"level":"info","message":"Server running on port 5000","timestamp":"2025-02-17T19:02:53.787Z"}
{"level":"info","message":"MongoDB connected successfully","timestamp":"2025-02-17T19:02:54.781Z"}
{"level":"info","message":"Server running on port 5000","timestamp":"2025-02-17T20:19:42.547Z"}
{"level":"info","message":"MongoDB connected successfully","timestamp":"2025-02-17T20:19:43.563Z"}
{"level":"info","message":"Server running on port 5000","timestamp":"2025-02-17T21:08:03.478Z"}
{"level":"info","message":"MongoDB connected successfully","timestamp":"2025-02-17T21:08:04.468Z"}
{"level":"info","message":"Server running on port 5000","timestamp":"2025-02-17T22:16:36.116Z"}
{"level":"info","message":"MongoDB connected successfully","timestamp":"2025-02-17T22:16:37.037Z"}
{"level":"info","message":"Server running on port 5000","timestamp":"2025-02-17T22:17:28.489Z"}
{"level":"info","message":"MongoDB connected successfully","timestamp":"2025-02-17T22:17:29.676Z"}
{"level":"info","message":"Server running on port 5000","timestamp":"2025-02-17T22:43:14.084Z"}
{"level":"info","message":"MongoDB connected successfully","timestamp":"2025-02-17T22:43:15.001Z"}
{"level":"info","message":"Server running on port 5000","timestamp":"2025-02-18T18:59:31.103Z"}
{"level":"info","message":"MongoDB connected successfully","timestamp":"2025-02-18T18:59:32.011Z"}
{"level":"info","message":"Server running on port 5000","timestamp":"2025-02-18T23:29:49.237Z"}
{"level":"info","message":"MongoDB connected successfully","timestamp":"2025-02-18T23:29:50.250Z"}
{"level":"info","message":"Server running on port 5000","timestamp":"2025-02-19T05:48:02.886Z"}
{"level":"info","message":"MongoDB connected successfully","timestamp":"2025-02-19T05:48:03.848Z"}
{"level":"info","message":"Server running on port 5000","timestamp":"2025-02-19T05:48:30.257Z"}
{"level":"info","message":"MongoDB connected successfully","timestamp":"2025-02-19T05:48:31.143Z"}
{"level":"info","message":"Server running on port 5000","timestamp":"2025-02-19T05:49:47.994Z"}
{"level":"info","message":"MongoDB connected successfully","timestamp":"2025-02-19T05:49:48.952Z"}
{"level":"info","message":"Server running on port 5000","timestamp":"2025-02-19T06:02:26.244Z"}
{"level":"info","message":"MongoDB connected successfully","timestamp":"2025-02-19T06:02:30.025Z"}
{"level":"info","message":"Server running on port 5000","timestamp":"2025-02-19T06:52:10.200Z"}
{"level":"info","message":"MongoDB connected successfully","timestamp":"2025-02-19T06:52:11.630Z"}
{"level":"info","message":"Server running on port 5000","timestamp":"2025-02-19T06:58:50.875Z"}
{"level":"info","message":"MongoDB connected successfully","timestamp":"2025-02-19T06:58:51.819Z"}
{"level":"error","message":"Unhandled Error: product is not defined","timestamp":"2025-02-19T06:59:57.737Z"}
{"level":"info","message":"Server running on port 5000","timestamp":"2025-02-19T07:01:01.077Z"}
{"level":"info","message":"MongoDB connected successfully","timestamp":"2025-02-19T07:01:02.053Z"}
{"level":"info","message":"Server running on port 5000","timestamp":"2025-02-19T07:02:12.811Z"}
{"level":"info","message":"MongoDB connected successfully","timestamp":"2025-02-19T07:02:13.745Z"}
{"level":"info","message":"Server running on port 5000","timestamp":"2025-02-19T07:05:21.256Z"}
{"level":"info","message":"MongoDB connected successfully","timestamp":"2025-02-19T07:05:22.252Z"}
{"level":"info","message":"Server running on port 5000","timestamp":"2025-02-19T07:34:50.808Z"}
{"level":"info","message":"MongoDB connected successfully","timestamp":"2025-02-19T07:34:51.771Z"}
{"level":"info","message":"Server running on port 5000","timestamp":"2025-02-19T17:48:31.882Z"}
{"level":"info","message":"MongoDB connected successfully","timestamp":"2025-02-19T17:48:32.852Z"}
{"level":"info","message":"Server running on port 5000","timestamp":"2025-02-19T18:15:25.696Z"}
{"level":"info","message":"MongoDB connected successfully","timestamp":"2025-02-19T18:15:28.544Z"}
{"level":"info","message":"Server running on port 5000","timestamp":"2025-02-19T18:33:17.793Z"}
{"level":"info","message":"MongoDB connected successfully","timestamp":"2025-02-19T18:33:19.676Z"}
{"level":"info","message":"Server running on port 5000","timestamp":"2025-02-19T20:16:02.563Z"}
{"level":"info","message":"MongoDB connected successfully","timestamp":"2025-02-19T20:16:03.915Z"}
{"level":"info","message":"Server running on port 5000","timestamp":"2025-02-20T05:16:29.043Z"}
{"level":"info","message":"MongoDB connected successfully","timestamp":"2025-02-20T05:16:29.952Z"}
{"level":"info","message":"Server running on port 5000","timestamp":"2025-02-20T22:19:40.344Z"}
{"level":"info","message":"MongoDB connected successfully","timestamp":"2025-02-20T22:19:41.426Z"}
{"level":"error","message":"Unhandled Error: Cast to ObjectId failed for value \"public\" (type string) at path \"_id\" for model \"Product\"","timestamp":"2025-02-21T00:51:41.817Z"}
{"level":"error","message":"Unhandled Error: Cast to ObjectId failed for value \"public\" (type string) at path \"_id\" for model \"Product\"","timestamp":"2025-02-21T00:51:41.819Z"}
{"level":"info","message":"Server running on port 5000","timestamp":"2025-02-21T00:53:09.227Z"}
{"level":"info","message":"MongoDB connected successfully","timestamp":"2025-02-21T00:53:10.158Z"}
{"level":"info","message":"Server running on port 5000","timestamp":"2025-02-21T01:01:07.043Z"}
{"level":"info","message":"MongoDB connected successfully","timestamp":"2025-02-21T01:01:07.983Z"}
{"level":"error","message":"Unhandled Error: Cast to ObjectId failed for value \"public\" (type string) at path \"_id\" for model \"Product\"","timestamp":"2025-02-21T01:06:07.808Z"}
{"level":"error","message":"Unhandled Error: Cast to ObjectId failed for value \"public\" (type string) at path \"_id\" for model \"Product\"","timestamp":"2025-02-21T01:06:11.753Z"}
{"level":"error","message":"Unhandled Error: Cast to ObjectId failed for value \"public\" (type string) at path \"_id\" for model \"Product\"","timestamp":"2025-02-21T01:06:11.756Z"}
{"level":"info","message":"Server running on port 5000","timestamp":"2025-02-21T01:06:19.142Z"}
{"level":"info","message":"MongoDB connected successfully","timestamp":"2025-02-21T01:06:20.050Z"}
{"level":"error","message":"Unhandled Error: Cast to ObjectId failed for value \"public\" (type string) at path \"_id\" for model \"Product\"","timestamp":"2025-02-21T01:06:31.001Z"}
{"level":"error","message":"Unhandled Error: Cast to ObjectId failed for value \"public\" (type string) at path \"_id\" for model \"Product\"","timestamp":"2025-02-21T01:06:31.004Z"}
{"level":"error","message":"Unhandled Error: Cast to ObjectId failed for value \"public\" (type string) at path \"_id\" for model \"Product\"","timestamp":"2025-02-21T01:06:33.799Z"}
{"level":"error","message":"Unhandled Error: Cast to ObjectId failed for value \"public\" (type string) at path \"_id\" for model \"Product\"","timestamp":"2025-02-21T01:06:33.802Z"}
{"level":"error","message":"Unhandled Error: Cast to ObjectId failed for value \"public\" (type string) at path \"_id\" for model \"Product\"","timestamp":"2025-02-21T01:06:34.482Z"}
{"level":"error","message":"Unhandled Error: Cast to ObjectId failed for value \"public\" (type string) at path \"_id\" for model \"Product\"","timestamp":"2025-02-21T01:06:34.485Z"}
{"level":"error","message":"Unhandled Error: Cast to ObjectId failed for value \"public\" (type string) at path \"_id\" for model \"Product\"","timestamp":"2025-02-21T01:06:35.029Z"}
{"level":"error","message":"Unhandled Error: Cast to ObjectId failed for value \"public\" (type string) at path \"_id\" for model \"Product\"","timestamp":"2025-02-21T01:06:35.033Z"}
{"level":"info","message":"Server running on port 5000","timestamp":"2025-02-21T01:16:53.509Z"}
{"level":"info","message":"MongoDB connected successfully","timestamp":"2025-02-21T01:16:54.436Z"}
{"level":"info","message":"Server running on port 5000","timestamp":"2025-02-21T18:53:17.727Z"}
{"level":"info","message":"MongoDB connected successfully","timestamp":"2025-02-21T18:53:18.718Z"}
{"level":"info","message":"Server running on port 5000","timestamp":"2025-02-22T05:03:25.341Z"}
{"level":"info","message":"MongoDB connected successfully","timestamp":"2025-02-22T05:03:26.250Z"}
{"level":"info","message":"Server running on port 5000","timestamp":"2025-02-22T23:33:36.865Z"}
{"level":"info","message":"MongoDB connected successfully","timestamp":"2025-02-22T23:33:37.853Z"}
{"level":"info","message":"Server running on port 5000","timestamp":"2025-02-24T18:28:39.067Z"}
{"level":"info","message":"MongoDB connected successfully","timestamp":"2025-02-24T18:28:40.025Z"}
{"level":"info","message":"Server running on port 5000","timestamp":"2025-02-24T18:41:47.561Z"}
{"level":"info","message":"MongoDB connected successfully","timestamp":"2025-02-24T18:41:48.459Z"}
{"level":"info","message":"Server running on port 5000","timestamp":"2025-02-24T19:03:13.274Z"}
{"level":"info","message":"MongoDB connected successfully","timestamp":"2025-02-24T19:03:14.231Z"}
{"level":"info","message":"Server running on port 5000","timestamp":"2025-02-24T23:35:39.079Z"}
{"level":"info","message":"MongoDB connected successfully","timestamp":"2025-02-24T23:35:40.243Z"}
{"level":"info","message":"Server running on port 5000","timestamp":"2025-02-25T18:02:38.818Z"}
{"level":"info","message":"MongoDB connected successfully","timestamp":"2025-02-25T18:02:39.807Z"}
{"level":"info","message":"Server running on port 5000","timestamp":"2025-02-25T18:52:36.414Z"}
{"level":"info","message":"MongoDB connected successfully","timestamp":"2025-02-25T18:52:37.449Z"}
{"level":"info","message":"Server running on port 5000","timestamp":"2025-02-25T20:16:12.783Z"}
{"level":"info","message":"MongoDB connected successfully","timestamp":"2025-02-25T20:16:13.804Z"}
{"level":"info","message":"Server running on port 5000","timestamp":"2025-02-25T20:26:46.735Z"}
{"level":"info","message":"MongoDB connected successfully","timestamp":"2025-02-25T20:26:48.106Z"}
{"level":"info","message":"Server running on port 5000","timestamp":"2025-02-25T20:49:17.720Z"}
{"level":"info","message":"MongoDB connected successfully","timestamp":"2025-02-25T20:49:18.732Z"}
{"level":"info","message":"Server running on port 5000","timestamp":"2025-02-25T20:51:49.597Z"}
{"level":"info","message":"MongoDB connected successfully","timestamp":"2025-02-25T20:51:50.684Z"}
{"level":"info","message":"Server running on port 5000","timestamp":"2025-02-26T17:16:28.365Z"}
{"level":"info","message":"MongoDB connected successfully","timestamp":"2025-02-26T17:16:29.421Z"}
{"level":"info","message":"Server running on port 5000","timestamp":"2025-02-26T17:31:17.282Z"}
{"level":"info","message":"MongoDB connected successfully","timestamp":"2025-02-26T17:31:18.202Z"}
{"level":"info","message":"Server running on port 5000","timestamp":"2025-02-26T17:58:06.881Z"}
{"level":"info","message":"MongoDB connected successfully","timestamp":"2025-02-26T17:58:07.825Z"}
{"level":"info","message":"Server running on port 5000","timestamp":"2025-02-26T19:03:26.740Z"}
{"level":"info","message":"MongoDB connected successfully","timestamp":"2025-02-26T19:03:27.741Z"}
{"level":"info","message":"Server running on port 5000","timestamp":"2025-02-26T19:24:50.371Z"}
{"level":"info","message":"MongoDB connected successfully","timestamp":"2025-02-26T19:24:51.296Z"}
{"level":"info","message":"Server running on port 5000","timestamp":"2025-02-27T18:23:24.252Z"}
{"level":"info","message":"MongoDB connected successfully","timestamp":"2025-02-27T18:23:25.141Z"}
{"level":"info","message":"Server running on port 5000","timestamp":"2025-02-27T19:20:03.956Z"}
{"level":"info","message":"MongoDB connected successfully","timestamp":"2025-02-27T19:20:04.892Z"}
{"level":"info","message":"Server running on port 5000","timestamp":"2025-02-27T19:43:12.291Z"}
{"level":"info","message":"MongoDB connected successfully","timestamp":"2025-02-27T19:43:13.197Z"}
{"level":"error","message":"Unhandled Error: amount is not defined","timestamp":"2025-02-27T19:44:06.566Z"}
{"level":"info","message":"Server running on port 5000","timestamp":"2025-02-27T19:58:50.679Z"}
{"level":"info","message":"MongoDB connected successfully","timestamp":"2025-02-27T19:58:51.625Z"}
{"level":"info","message":"Server running on port 5000","timestamp":"2025-02-28T05:04:05.305Z"}
{"level":"info","message":"MongoDB connected successfully","timestamp":"2025-02-28T05:04:06.240Z"}
{"level":"error","message":"Unhandled Error: Order validation failed: shippingAddress.country: Path `shippingAddress.country` is required., shippingAddress.postalCode: Path `shippingAddress.postalCode` is required., shippingAddress.city: Path `shippingAddress.city` is required., shippingAddress.address: Path `shippingAddress.address` is required., shippingAddress.name: Path `shippingAddress.name` is required.","timestamp":"2025-02-28T05:36:12.043Z"}
{"level":"error","message":"Unhandled Error: Order validation failed: shippingAddress.country: Path `shippingAddress.country` is required., shippingAddress.postalCode: Path `shippingAddress.postalCode` is required., shippingAddress.city: Path `shippingAddress.city` is required., shippingAddress.address: Path `shippingAddress.address` is required., shippingAddress.name: Path `shippingAddress.name` is required.","timestamp":"2025-02-28T05:36:12.047Z"}
{"level":"info","message":"Server running on port 5000","timestamp":"2025-02-28T06:01:18.952Z"}
{"level":"info","message":"MongoDB connected successfully","timestamp":"2025-02-28T06:01:20.316Z"}
